2017-12-04 12:52:05 [scrapy.utils.log] INFO: Scrapy 1.4.0 started (bot: tweedehands)
2017-12-04 12:52:05 [scrapy.utils.log] INFO: Overridden settings: {'BOT_NAME': 'tweedehands', 'CONCURRENT_REQUESTS': 4, 'CONCURRENT_REQUESTS_PER_IP': 4, 'DOWNLOAD_DELAY': 1, 'FEED_URI': 'motoren.jsonlines', 'LOG_FILE': 'logfile.log', 'LOG_LEVEL': 'INFO', 'NEWSPIDER_MODULE': 'tweedehands.spiders', 'ROBOTSTXT_OBEY': True, 'SPIDER_MODULES': ['tweedehands.spiders']}
2017-12-04 12:52:05 [scrapy.middleware] INFO: Enabled extensions:
['scrapy.extensions.corestats.CoreStats',
 'scrapy.extensions.telnet.TelnetConsole',
 'scrapy.extensions.feedexport.FeedExporter',
 'scrapy.extensions.logstats.LogStats']
2017-12-04 12:52:05 [scrapy.middleware] INFO: Enabled downloader middlewares:
['scrapy.downloadermiddlewares.robotstxt.RobotsTxtMiddleware',
 'scrapy.downloadermiddlewares.httpauth.HttpAuthMiddleware',
 'scrapy.downloadermiddlewares.downloadtimeout.DownloadTimeoutMiddleware',
 'scrapy.downloadermiddlewares.defaultheaders.DefaultHeadersMiddleware',
 'scrapy.downloadermiddlewares.useragent.UserAgentMiddleware',
 'scrapy.downloadermiddlewares.retry.RetryMiddleware',
 'scrapy.downloadermiddlewares.redirect.MetaRefreshMiddleware',
 'scrapy.downloadermiddlewares.httpcompression.HttpCompressionMiddleware',
 'scrapy.downloadermiddlewares.redirect.RedirectMiddleware',
 'scrapy.downloadermiddlewares.cookies.CookiesMiddleware',
 'scrapy.downloadermiddlewares.httpproxy.HttpProxyMiddleware',
 'scrapy.downloadermiddlewares.stats.DownloaderStats']
2017-12-04 12:52:05 [scrapy.middleware] INFO: Enabled spider middlewares:
['scrapy.spidermiddlewares.httperror.HttpErrorMiddleware',
 'scrapy.spidermiddlewares.offsite.OffsiteMiddleware',
 'scrapy.spidermiddlewares.referer.RefererMiddleware',
 'scrapy.spidermiddlewares.urllength.UrlLengthMiddleware',
 'scrapy.spidermiddlewares.depth.DepthMiddleware']
2017-12-04 12:52:05 [scrapy.middleware] INFO: Enabled item pipelines:
[]
2017-12-04 12:52:05 [scrapy.core.engine] INFO: Spider opened
2017-12-04 12:52:05 [scrapy.extensions.logstats] INFO: Crawled 0 pages (at 0 pages/min), scraped 0 items (at 0 items/min)
2017-12-04 12:53:05 [scrapy.extensions.logstats] INFO: Crawled 51 pages (at 51 pages/min), scraped 40 items (at 40 items/min)
2017-12-04 12:54:42 [scrapy.extensions.logstats] INFO: Crawled 97 pages (at 46 pages/min), scraped 76 items (at 36 items/min)
2017-12-04 12:55:05 [scrapy.extensions.logstats] INFO: Crawled 116 pages (at 19 pages/min), scraped 91 items (at 15 items/min)
2017-12-04 12:56:05 [scrapy.extensions.logstats] INFO: Crawled 156 pages (at 40 pages/min), scraped 124 items (at 33 items/min)
2017-12-04 12:57:05 [scrapy.extensions.logstats] INFO: Crawled 205 pages (at 49 pages/min), scraped 163 items (at 39 items/min)
2017-12-04 12:58:05 [scrapy.extensions.logstats] INFO: Crawled 255 pages (at 50 pages/min), scraped 203 items (at 40 items/min)
2017-12-04 12:59:05 [scrapy.extensions.logstats] INFO: Crawled 303 pages (at 48 pages/min), scraped 241 items (at 38 items/min)
2017-12-04 13:00:05 [scrapy.extensions.logstats] INFO: Crawled 354 pages (at 51 pages/min), scraped 282 items (at 41 items/min)
2017-12-04 13:01:05 [scrapy.extensions.logstats] INFO: Crawled 403 pages (at 49 pages/min), scraped 321 items (at 39 items/min)
2017-12-04 13:02:05 [scrapy.extensions.logstats] INFO: Crawled 452 pages (at 49 pages/min), scraped 360 items (at 39 items/min)
2017-12-04 13:03:05 [scrapy.extensions.logstats] INFO: Crawled 503 pages (at 51 pages/min), scraped 401 items (at 41 items/min)
2017-12-04 13:04:05 [scrapy.extensions.logstats] INFO: Crawled 551 pages (at 48 pages/min), scraped 449 items (at 48 items/min)
2017-12-04 13:05:05 [scrapy.extensions.logstats] INFO: Crawled 601 pages (at 50 pages/min), scraped 498 items (at 49 items/min)
2017-12-04 13:06:05 [scrapy.extensions.logstats] INFO: Crawled 650 pages (at 49 pages/min), scraped 548 items (at 50 items/min)
2017-12-04 13:07:05 [scrapy.extensions.logstats] INFO: Crawled 700 pages (at 50 pages/min), scraped 598 items (at 50 items/min)
2017-12-04 13:08:05 [scrapy.extensions.logstats] INFO: Crawled 751 pages (at 51 pages/min), scraped 649 items (at 51 items/min)
2017-12-04 13:09:05 [scrapy.extensions.logstats] INFO: Crawled 800 pages (at 49 pages/min), scraped 698 items (at 49 items/min)
2017-12-04 13:10:05 [scrapy.extensions.logstats] INFO: Crawled 850 pages (at 50 pages/min), scraped 748 items (at 50 items/min)
2017-12-04 13:11:05 [scrapy.extensions.logstats] INFO: Crawled 899 pages (at 49 pages/min), scraped 797 items (at 49 items/min)
2017-12-04 13:12:05 [scrapy.extensions.logstats] INFO: Crawled 949 pages (at 50 pages/min), scraped 847 items (at 50 items/min)
2017-12-04 13:13:05 [scrapy.extensions.logstats] INFO: Crawled 996 pages (at 47 pages/min), scraped 894 items (at 47 items/min)
2017-12-04 13:14:05 [scrapy.extensions.logstats] INFO: Crawled 1048 pages (at 52 pages/min), scraped 945 items (at 51 items/min)
2017-12-04 13:15:05 [scrapy.extensions.logstats] INFO: Crawled 1096 pages (at 48 pages/min), scraped 994 items (at 49 items/min)
2017-12-04 13:16:05 [scrapy.extensions.logstats] INFO: Crawled 1145 pages (at 49 pages/min), scraped 1043 items (at 49 items/min)
2017-12-04 13:17:05 [scrapy.extensions.logstats] INFO: Crawled 1195 pages (at 50 pages/min), scraped 1093 items (at 50 items/min)
2017-12-04 13:18:05 [scrapy.extensions.logstats] INFO: Crawled 1243 pages (at 48 pages/min), scraped 1141 items (at 48 items/min)
2017-12-04 13:19:05 [scrapy.extensions.logstats] INFO: Crawled 1295 pages (at 52 pages/min), scraped 1193 items (at 52 items/min)
2017-12-04 13:20:05 [scrapy.extensions.logstats] INFO: Crawled 1344 pages (at 49 pages/min), scraped 1242 items (at 49 items/min)
2017-12-04 13:21:05 [scrapy.extensions.logstats] INFO: Crawled 1392 pages (at 48 pages/min), scraped 1290 items (at 48 items/min)
2017-12-04 13:22:05 [scrapy.extensions.logstats] INFO: Crawled 1441 pages (at 49 pages/min), scraped 1339 items (at 49 items/min)
2017-12-04 13:23:05 [scrapy.extensions.logstats] INFO: Crawled 1489 pages (at 48 pages/min), scraped 1387 items (at 48 items/min)
2017-12-04 13:24:05 [scrapy.extensions.logstats] INFO: Crawled 1538 pages (at 49 pages/min), scraped 1435 items (at 48 items/min)
2017-12-04 13:25:05 [scrapy.extensions.logstats] INFO: Crawled 1587 pages (at 49 pages/min), scraped 1485 items (at 50 items/min)
2017-12-04 13:26:05 [scrapy.extensions.logstats] INFO: Crawled 1638 pages (at 51 pages/min), scraped 1535 items (at 50 items/min)
2017-12-04 13:27:05 [scrapy.extensions.logstats] INFO: Crawled 1688 pages (at 50 pages/min), scraped 1586 items (at 51 items/min)
2017-12-04 13:28:05 [scrapy.extensions.logstats] INFO: Crawled 1737 pages (at 49 pages/min), scraped 1635 items (at 49 items/min)
2017-12-04 13:29:05 [scrapy.extensions.logstats] INFO: Crawled 1787 pages (at 50 pages/min), scraped 1685 items (at 50 items/min)
2017-12-04 13:30:05 [scrapy.extensions.logstats] INFO: Crawled 1834 pages (at 47 pages/min), scraped 1732 items (at 47 items/min)
2017-12-04 13:31:05 [scrapy.extensions.logstats] INFO: Crawled 1883 pages (at 49 pages/min), scraped 1780 items (at 48 items/min)
2017-12-04 13:32:05 [scrapy.extensions.logstats] INFO: Crawled 1931 pages (at 48 pages/min), scraped 1829 items (at 49 items/min)
2017-12-04 13:33:05 [scrapy.extensions.logstats] INFO: Crawled 1980 pages (at 49 pages/min), scraped 1878 items (at 49 items/min)
2017-12-04 13:34:05 [scrapy.extensions.logstats] INFO: Crawled 2030 pages (at 50 pages/min), scraped 1928 items (at 50 items/min)
2017-12-04 13:35:05 [scrapy.extensions.logstats] INFO: Crawled 2077 pages (at 47 pages/min), scraped 1975 items (at 47 items/min)
2017-12-04 13:36:05 [scrapy.extensions.logstats] INFO: Crawled 2126 pages (at 49 pages/min), scraped 2024 items (at 49 items/min)
2017-12-04 13:37:05 [scrapy.extensions.logstats] INFO: Crawled 2175 pages (at 49 pages/min), scraped 2073 items (at 49 items/min)
2017-12-04 13:38:05 [scrapy.extensions.logstats] INFO: Crawled 2224 pages (at 49 pages/min), scraped 2122 items (at 49 items/min)
2017-12-04 13:39:05 [scrapy.core.scraper] ERROR: Spider error processing <GET https://www.2dehands.be/motoren/motoren/kawasaki/moto-386693997.html> (referer: https://www.2dehands.be/motoren/?p=nl&p=be&p=fr&language=nl&language=fr&offset=1505)
Traceback (most recent call last):
  File "C:\Users\JCLA\Anaconda3\envs\scrapingtool\lib\site-packages\scrapy\utils\defer.py", line 102, in iter_errback
    yield next(it)
  File "C:\Users\JCLA\Anaconda3\envs\scrapingtool\lib\site-packages\scrapy\spidermiddlewares\offsite.py", line 29, in process_spider_output
    for x in result:
  File "C:\Users\JCLA\Anaconda3\envs\scrapingtool\lib\site-packages\scrapy\spidermiddlewares\referer.py", line 339, in <genexpr>
    return (_set_referer(r) for r in result or ())
  File "C:\Users\JCLA\Anaconda3\envs\scrapingtool\lib\site-packages\scrapy\spidermiddlewares\urllength.py", line 37, in <genexpr>
    return (r for r in result or () if _filter(r))
  File "C:\Users\JCLA\Anaconda3\envs\scrapingtool\lib\site-packages\scrapy\spidermiddlewares\depth.py", line 58, in <genexpr>
    return (r for r in result or () if _filter(r))
  File "C:\Users\JCLA\tweedehands\tweedehands\spiders\tweedehands_spider.py", line 58, in parseProduct
    title = response.xpath('//section[@class="panel-content"]//h1/text()').extract_first().strip()
AttributeError: 'NoneType' object has no attribute 'strip'
2017-12-04 13:39:05 [scrapy.extensions.logstats] INFO: Crawled 2273 pages (at 49 pages/min), scraped 2170 items (at 48 items/min)
2017-12-04 13:40:05 [scrapy.extensions.logstats] INFO: Crawled 2324 pages (at 51 pages/min), scraped 2220 items (at 50 items/min)
2017-12-04 13:41:05 [scrapy.extensions.logstats] INFO: Crawled 2372 pages (at 48 pages/min), scraped 2269 items (at 49 items/min)
2017-12-04 13:42:05 [scrapy.extensions.logstats] INFO: Crawled 2422 pages (at 50 pages/min), scraped 2319 items (at 50 items/min)
2017-12-04 13:43:05 [scrapy.extensions.logstats] INFO: Crawled 2471 pages (at 49 pages/min), scraped 2368 items (at 49 items/min)
2017-12-04 13:44:05 [scrapy.extensions.logstats] INFO: Crawled 2521 pages (at 50 pages/min), scraped 2418 items (at 50 items/min)
2017-12-04 13:45:05 [scrapy.extensions.logstats] INFO: Crawled 2569 pages (at 48 pages/min), scraped 2466 items (at 48 items/min)
2017-12-04 13:46:05 [scrapy.extensions.logstats] INFO: Crawled 2618 pages (at 49 pages/min), scraped 2515 items (at 49 items/min)
2017-12-04 13:47:05 [scrapy.extensions.logstats] INFO: Crawled 2665 pages (at 47 pages/min), scraped 2561 items (at 46 items/min)
2017-12-04 13:48:05 [scrapy.extensions.logstats] INFO: Crawled 2714 pages (at 49 pages/min), scraped 2611 items (at 50 items/min)
2017-12-04 13:49:05 [scrapy.extensions.logstats] INFO: Crawled 2764 pages (at 50 pages/min), scraped 2661 items (at 50 items/min)
2017-12-04 13:50:05 [scrapy.extensions.logstats] INFO: Crawled 2813 pages (at 49 pages/min), scraped 2710 items (at 49 items/min)
2017-12-04 13:51:05 [scrapy.extensions.logstats] INFO: Crawled 2863 pages (at 50 pages/min), scraped 2760 items (at 50 items/min)
2017-12-04 13:52:05 [scrapy.extensions.logstats] INFO: Crawled 2913 pages (at 50 pages/min), scraped 2810 items (at 50 items/min)
2017-12-04 13:53:05 [scrapy.extensions.logstats] INFO: Crawled 2961 pages (at 48 pages/min), scraped 2858 items (at 48 items/min)
2017-12-04 13:54:05 [scrapy.extensions.logstats] INFO: Crawled 3011 pages (at 50 pages/min), scraped 2907 items (at 49 items/min)
2017-12-04 13:55:05 [scrapy.extensions.logstats] INFO: Crawled 3061 pages (at 50 pages/min), scraped 2958 items (at 51 items/min)
2017-12-04 13:56:05 [scrapy.extensions.logstats] INFO: Crawled 3108 pages (at 47 pages/min), scraped 3005 items (at 47 items/min)
2017-12-04 13:57:05 [scrapy.extensions.logstats] INFO: Crawled 3159 pages (at 51 pages/min), scraped 3055 items (at 50 items/min)
2017-12-04 13:58:05 [scrapy.extensions.logstats] INFO: Crawled 3209 pages (at 50 pages/min), scraped 3106 items (at 51 items/min)
2017-12-04 13:59:05 [scrapy.extensions.logstats] INFO: Crawled 3260 pages (at 51 pages/min), scraped 3157 items (at 51 items/min)
2017-12-04 14:00:05 [scrapy.extensions.logstats] INFO: Crawled 3309 pages (at 49 pages/min), scraped 3206 items (at 49 items/min)
2017-12-04 14:01:05 [scrapy.extensions.logstats] INFO: Crawled 3358 pages (at 49 pages/min), scraped 3255 items (at 49 items/min)
2017-12-04 14:02:05 [scrapy.extensions.logstats] INFO: Crawled 3406 pages (at 48 pages/min), scraped 3302 items (at 47 items/min)
2017-12-04 14:03:05 [scrapy.extensions.logstats] INFO: Crawled 3456 pages (at 50 pages/min), scraped 3353 items (at 51 items/min)
2017-12-04 14:04:05 [scrapy.extensions.logstats] INFO: Crawled 3505 pages (at 49 pages/min), scraped 3402 items (at 49 items/min)
2017-12-04 14:05:05 [scrapy.extensions.logstats] INFO: Crawled 3554 pages (at 49 pages/min), scraped 3451 items (at 49 items/min)
2017-12-04 14:05:41 [scrapy.core.engine] INFO: Closing spider (finished)
2017-12-04 14:05:41 [scrapy.extensions.feedexport] INFO: Stored jsonlines feed (3481 items) in: motoren.jsonlines
2017-12-04 14:05:41 [scrapy.statscollectors] INFO: Dumping Scrapy stats:
{'downloader/request_bytes': 3575188,
 'downloader/request_count': 3585,
 'downloader/request_method_count/GET': 3585,
 'downloader/response_bytes': 101790533,
 'downloader/response_count': 3585,
 'downloader/response_status_count/200': 3584,
 'downloader/response_status_count/301': 1,
 'dupefilter/filtered': 356,
 'finish_reason': 'finished',
 'finish_time': datetime.datetime(2017, 12, 4, 13, 5, 41, 962634),
 'item_scraped_count': 3481,
 'log_count/ERROR': 1,
 'log_count/INFO': 81,
 'request_depth_max': 101,
 'response_received_count': 3584,
 'scheduler/dequeued': 3584,
 'scheduler/dequeued/memory': 3584,
 'scheduler/enqueued': 3584,
 'scheduler/enqueued/memory': 3584,
 'spider_exceptions/AttributeError': 1,
 'start_time': datetime.datetime(2017, 12, 4, 11, 52, 5, 747712)}
2017-12-04 14:05:41 [scrapy.core.engine] INFO: Spider closed (finished)
2017-12-04 19:49:25 [scrapy.utils.log] INFO: Scrapy 1.4.0 started (bot: tweedehands)
2017-12-04 19:49:25 [scrapy.utils.log] INFO: Overridden settings: {'BOT_NAME': 'tweedehands', 'CONCURRENT_REQUESTS': 4, 'CONCURRENT_REQUESTS_PER_IP': 4, 'DOWNLOAD_DELAY': 1, 'FEED_FORMAT': 'json', 'FEED_URI': 'testoz.json', 'LOG_FILE': 'logfile.log', 'LOG_LEVEL': 'INFO', 'NEWSPIDER_MODULE': 'tweedehands.spiders', 'ROBOTSTXT_OBEY': True, 'SPIDER_MODULES': ['tweedehands.spiders']}
2017-12-04 19:49:25 [scrapy.middleware] INFO: Enabled extensions:
['scrapy.extensions.corestats.CoreStats',
 'scrapy.extensions.telnet.TelnetConsole',
 'scrapy.extensions.feedexport.FeedExporter',
 'scrapy.extensions.logstats.LogStats']
2017-12-04 19:49:25 [scrapy.middleware] INFO: Enabled downloader middlewares:
['scrapy.downloadermiddlewares.robotstxt.RobotsTxtMiddleware',
 'scrapy.downloadermiddlewares.httpauth.HttpAuthMiddleware',
 'scrapy.downloadermiddlewares.downloadtimeout.DownloadTimeoutMiddleware',
 'scrapy.downloadermiddlewares.defaultheaders.DefaultHeadersMiddleware',
 'scrapy.downloadermiddlewares.useragent.UserAgentMiddleware',
 'scrapy.downloadermiddlewares.retry.RetryMiddleware',
 'scrapy.downloadermiddlewares.redirect.MetaRefreshMiddleware',
 'scrapy.downloadermiddlewares.httpcompression.HttpCompressionMiddleware',
 'scrapy.downloadermiddlewares.redirect.RedirectMiddleware',
 'scrapy.downloadermiddlewares.cookies.CookiesMiddleware',
 'scrapy.downloadermiddlewares.httpproxy.HttpProxyMiddleware',
 'scrapy.downloadermiddlewares.stats.DownloaderStats']
2017-12-04 19:49:25 [scrapy.middleware] INFO: Enabled spider middlewares:
['scrapy.spidermiddlewares.httperror.HttpErrorMiddleware',
 'scrapy.spidermiddlewares.offsite.OffsiteMiddleware',
 'scrapy.spidermiddlewares.referer.RefererMiddleware',
 'scrapy.spidermiddlewares.urllength.UrlLengthMiddleware',
 'scrapy.spidermiddlewares.depth.DepthMiddleware']
2017-12-04 19:49:25 [scrapy.middleware] INFO: Enabled item pipelines:
[]
2017-12-04 19:49:25 [scrapy.core.engine] INFO: Spider opened
2017-12-04 19:49:25 [scrapy.extensions.logstats] INFO: Crawled 0 pages (at 0 pages/min), scraped 0 items (at 0 items/min)
2017-12-04 19:50:25 [scrapy.extensions.logstats] INFO: Crawled 49 pages (at 49 pages/min), scraped 46 items (at 46 items/min)
2017-12-04 19:50:51 [scrapy.core.engine] INFO: Closing spider (finished)
2017-12-04 19:50:51 [scrapy.extensions.feedexport] INFO: Stored json feed (68 items) in: testoz.json
2017-12-04 19:50:51 [scrapy.statscollectors] INFO: Dumping Scrapy stats:
{'downloader/request_bytes': 68412,
 'downloader/request_count': 71,
 'downloader/request_method_count/GET': 71,
 'downloader/response_bytes': 1998892,
 'downloader/response_count': 71,
 'downloader/response_status_count/200': 71,
 'dupefilter/filtered': 8,
 'finish_reason': 'finished',
 'finish_time': datetime.datetime(2017, 12, 4, 18, 50, 51, 802860),
 'item_scraped_count': 68,
 'log_count/INFO': 9,
 'request_depth_max': 2,
 'response_received_count': 71,
 'scheduler/dequeued': 70,
 'scheduler/dequeued/memory': 70,
 'scheduler/enqueued': 70,
 'scheduler/enqueued/memory': 70,
 'start_time': datetime.datetime(2017, 12, 4, 18, 49, 25, 305629)}
2017-12-04 19:50:51 [scrapy.core.engine] INFO: Spider closed (finished)
2017-12-04 19:53:06 [scrapy.utils.log] INFO: Scrapy 1.4.0 started (bot: tweedehands)
2017-12-04 19:53:06 [scrapy.utils.log] INFO: Overridden settings: {'BOT_NAME': 'tweedehands', 'CONCURRENT_REQUESTS': 4, 'CONCURRENT_REQUESTS_PER_IP': 4, 'DOWNLOAD_DELAY': 1, 'FEED_FORMAT': 'json', 'FEED_URI': 'testoz.json', 'LOG_FILE': 'logfile.log', 'LOG_LEVEL': 'INFO', 'NEWSPIDER_MODULE': 'tweedehands.spiders', 'ROBOTSTXT_OBEY': True, 'SPIDER_MODULES': ['tweedehands.spiders']}
2017-12-04 19:53:06 [scrapy.middleware] INFO: Enabled extensions:
['scrapy.extensions.corestats.CoreStats',
 'scrapy.extensions.telnet.TelnetConsole',
 'scrapy.extensions.feedexport.FeedExporter',
 'scrapy.extensions.logstats.LogStats']
2017-12-04 19:53:06 [scrapy.middleware] INFO: Enabled downloader middlewares:
['scrapy.downloadermiddlewares.robotstxt.RobotsTxtMiddleware',
 'scrapy.downloadermiddlewares.httpauth.HttpAuthMiddleware',
 'scrapy.downloadermiddlewares.downloadtimeout.DownloadTimeoutMiddleware',
 'scrapy.downloadermiddlewares.defaultheaders.DefaultHeadersMiddleware',
 'scrapy.downloadermiddlewares.useragent.UserAgentMiddleware',
 'scrapy.downloadermiddlewares.retry.RetryMiddleware',
 'scrapy.downloadermiddlewares.redirect.MetaRefreshMiddleware',
 'scrapy.downloadermiddlewares.httpcompression.HttpCompressionMiddleware',
 'scrapy.downloadermiddlewares.redirect.RedirectMiddleware',
 'scrapy.downloadermiddlewares.cookies.CookiesMiddleware',
 'scrapy.downloadermiddlewares.httpproxy.HttpProxyMiddleware',
 'scrapy.downloadermiddlewares.stats.DownloaderStats']
2017-12-04 19:53:06 [scrapy.middleware] INFO: Enabled spider middlewares:
['scrapy.spidermiddlewares.httperror.HttpErrorMiddleware',
 'scrapy.spidermiddlewares.offsite.OffsiteMiddleware',
 'scrapy.spidermiddlewares.referer.RefererMiddleware',
 'scrapy.spidermiddlewares.urllength.UrlLengthMiddleware',
 'scrapy.spidermiddlewares.depth.DepthMiddleware']
2017-12-04 19:53:06 [scrapy.middleware] INFO: Enabled item pipelines:
[]
2017-12-04 19:53:06 [scrapy.core.engine] INFO: Spider opened
2017-12-04 19:53:06 [scrapy.extensions.logstats] INFO: Crawled 0 pages (at 0 pages/min), scraped 0 items (at 0 items/min)
2017-12-04 19:54:06 [scrapy.extensions.logstats] INFO: Crawled 51 pages (at 51 pages/min), scraped 48 items (at 48 items/min)
2017-12-04 19:54:40 [scrapy.core.engine] INFO: Closing spider (finished)
2017-12-04 19:54:40 [scrapy.extensions.feedexport] INFO: Stored json feed (75 items) in: testoz.json
2017-12-04 19:54:40 [scrapy.statscollectors] INFO: Dumping Scrapy stats:
{'downloader/request_bytes': 75374,
 'downloader/request_count': 78,
 'downloader/request_method_count/GET': 78,
 'downloader/response_bytes': 2193707,
 'downloader/response_count': 78,
 'downloader/response_status_count/200': 78,
 'finish_reason': 'finished',
 'finish_time': datetime.datetime(2017, 12, 4, 18, 54, 40, 361704),
 'item_scraped_count': 75,
 'log_count/INFO': 9,
 'request_depth_max': 2,
 'response_received_count': 78,
 'scheduler/dequeued': 77,
 'scheduler/dequeued/memory': 77,
 'scheduler/enqueued': 77,
 'scheduler/enqueued/memory': 77,
 'start_time': datetime.datetime(2017, 12, 4, 18, 53, 6, 861923)}
2017-12-04 19:54:40 [scrapy.core.engine] INFO: Spider closed (finished)
2017-12-04 19:55:16 [scrapy.utils.log] INFO: Scrapy 1.4.0 started (bot: tweedehands)
2017-12-04 19:55:16 [scrapy.utils.log] INFO: Overridden settings: {'BOT_NAME': 'tweedehands', 'CONCURRENT_REQUESTS': 4, 'CONCURRENT_REQUESTS_PER_IP': 4, 'DOWNLOAD_DELAY': 1, 'FEED_URI': 'MOTOREN.jsonlines', 'LOG_FILE': 'logfile.log', 'LOG_LEVEL': 'INFO', 'NEWSPIDER_MODULE': 'tweedehands.spiders', 'ROBOTSTXT_OBEY': True, 'SPIDER_MODULES': ['tweedehands.spiders']}
2017-12-04 19:55:16 [scrapy.middleware] INFO: Enabled extensions:
['scrapy.extensions.corestats.CoreStats',
 'scrapy.extensions.telnet.TelnetConsole',
 'scrapy.extensions.feedexport.FeedExporter',
 'scrapy.extensions.logstats.LogStats']
2017-12-04 19:55:16 [scrapy.middleware] INFO: Enabled downloader middlewares:
['scrapy.downloadermiddlewares.robotstxt.RobotsTxtMiddleware',
 'scrapy.downloadermiddlewares.httpauth.HttpAuthMiddleware',
 'scrapy.downloadermiddlewares.downloadtimeout.DownloadTimeoutMiddleware',
 'scrapy.downloadermiddlewares.defaultheaders.DefaultHeadersMiddleware',
 'scrapy.downloadermiddlewares.useragent.UserAgentMiddleware',
 'scrapy.downloadermiddlewares.retry.RetryMiddleware',
 'scrapy.downloadermiddlewares.redirect.MetaRefreshMiddleware',
 'scrapy.downloadermiddlewares.httpcompression.HttpCompressionMiddleware',
 'scrapy.downloadermiddlewares.redirect.RedirectMiddleware',
 'scrapy.downloadermiddlewares.cookies.CookiesMiddleware',
 'scrapy.downloadermiddlewares.httpproxy.HttpProxyMiddleware',
 'scrapy.downloadermiddlewares.stats.DownloaderStats']
2017-12-04 19:55:16 [scrapy.middleware] INFO: Enabled spider middlewares:
['scrapy.spidermiddlewares.httperror.HttpErrorMiddleware',
 'scrapy.spidermiddlewares.offsite.OffsiteMiddleware',
 'scrapy.spidermiddlewares.referer.RefererMiddleware',
 'scrapy.spidermiddlewares.urllength.UrlLengthMiddleware',
 'scrapy.spidermiddlewares.depth.DepthMiddleware']
2017-12-04 19:55:16 [scrapy.middleware] INFO: Enabled item pipelines:
[]
2017-12-04 19:55:16 [scrapy.core.engine] INFO: Spider opened
2017-12-04 19:55:16 [scrapy.extensions.logstats] INFO: Crawled 0 pages (at 0 pages/min), scraped 0 items (at 0 items/min)
2017-12-04 19:56:16 [scrapy.extensions.logstats] INFO: Crawled 52 pages (at 52 pages/min), scraped 40 items (at 40 items/min)
2017-12-04 19:56:59 [scrapy.utils.log] INFO: Scrapy 1.4.0 started (bot: tweedehands)
2017-12-04 19:56:59 [scrapy.utils.log] INFO: Overridden settings: {'BOT_NAME': 'tweedehands', 'CONCURRENT_REQUESTS': 4, 'CONCURRENT_REQUESTS_PER_IP': 4, 'DOWNLOAD_DELAY': 1, 'FEED_URI': 'KOKO.jsonlines', 'LOG_FILE': 'logfile.log', 'LOG_LEVEL': 'INFO', 'NEWSPIDER_MODULE': 'tweedehands.spiders', 'ROBOTSTXT_OBEY': True, 'SPIDER_MODULES': ['tweedehands.spiders']}
2017-12-04 19:56:59 [scrapy.middleware] INFO: Enabled extensions:
['scrapy.extensions.corestats.CoreStats',
 'scrapy.extensions.telnet.TelnetConsole',
 'scrapy.extensions.feedexport.FeedExporter',
 'scrapy.extensions.logstats.LogStats']
2017-12-04 19:56:59 [scrapy.middleware] INFO: Enabled downloader middlewares:
['scrapy.downloadermiddlewares.robotstxt.RobotsTxtMiddleware',
 'scrapy.downloadermiddlewares.httpauth.HttpAuthMiddleware',
 'scrapy.downloadermiddlewares.downloadtimeout.DownloadTimeoutMiddleware',
 'scrapy.downloadermiddlewares.defaultheaders.DefaultHeadersMiddleware',
 'scrapy.downloadermiddlewares.useragent.UserAgentMiddleware',
 'scrapy.downloadermiddlewares.retry.RetryMiddleware',
 'scrapy.downloadermiddlewares.redirect.MetaRefreshMiddleware',
 'scrapy.downloadermiddlewares.httpcompression.HttpCompressionMiddleware',
 'scrapy.downloadermiddlewares.redirect.RedirectMiddleware',
 'scrapy.downloadermiddlewares.cookies.CookiesMiddleware',
 'scrapy.downloadermiddlewares.httpproxy.HttpProxyMiddleware',
 'scrapy.downloadermiddlewares.stats.DownloaderStats']
2017-12-04 19:56:59 [scrapy.middleware] INFO: Enabled spider middlewares:
['scrapy.spidermiddlewares.httperror.HttpErrorMiddleware',
 'scrapy.spidermiddlewares.offsite.OffsiteMiddleware',
 'scrapy.spidermiddlewares.referer.RefererMiddleware',
 'scrapy.spidermiddlewares.urllength.UrlLengthMiddleware',
 'scrapy.spidermiddlewares.depth.DepthMiddleware']
2017-12-04 19:56:59 [scrapy.middleware] INFO: Enabled item pipelines:
[]
2017-12-04 19:56:59 [scrapy.core.engine] INFO: Spider opened
2017-12-04 19:56:59 [scrapy.extensions.logstats] INFO: Crawled 0 pages (at 0 pages/min), scraped 0 items (at 0 items/min)
2017-12-04 19:59:17 [scrapy.utils.log] INFO: Scrapy 1.4.0 started (bot: tweedehands)
2017-12-04 19:59:17 [scrapy.utils.log] INFO: Overridden settings: {'BOT_NAME': 'tweedehands', 'CONCURRENT_REQUESTS': 4, 'CONCURRENT_REQUESTS_PER_IP': 4, 'DOWNLOAD_DELAY': 1, 'FEED_URI': 'motortjes.jsonlines', 'LOG_FILE': 'logfile.log', 'LOG_LEVEL': 'INFO', 'NEWSPIDER_MODULE': 'tweedehands.spiders', 'ROBOTSTXT_OBEY': True, 'SPIDER_MODULES': ['tweedehands.spiders']}
2017-12-04 19:59:17 [scrapy.middleware] INFO: Enabled extensions:
['scrapy.extensions.corestats.CoreStats',
 'scrapy.extensions.telnet.TelnetConsole',
 'scrapy.extensions.feedexport.FeedExporter',
 'scrapy.extensions.logstats.LogStats']
2017-12-04 19:59:18 [scrapy.middleware] INFO: Enabled downloader middlewares:
['scrapy.downloadermiddlewares.robotstxt.RobotsTxtMiddleware',
 'scrapy.downloadermiddlewares.httpauth.HttpAuthMiddleware',
 'scrapy.downloadermiddlewares.downloadtimeout.DownloadTimeoutMiddleware',
 'scrapy.downloadermiddlewares.defaultheaders.DefaultHeadersMiddleware',
 'scrapy.downloadermiddlewares.useragent.UserAgentMiddleware',
 'scrapy.downloadermiddlewares.retry.RetryMiddleware',
 'scrapy.downloadermiddlewares.redirect.MetaRefreshMiddleware',
 'scrapy.downloadermiddlewares.httpcompression.HttpCompressionMiddleware',
 'scrapy.downloadermiddlewares.redirect.RedirectMiddleware',
 'scrapy.downloadermiddlewares.cookies.CookiesMiddleware',
 'scrapy.downloadermiddlewares.httpproxy.HttpProxyMiddleware',
 'scrapy.downloadermiddlewares.stats.DownloaderStats']
2017-12-04 19:59:18 [scrapy.middleware] INFO: Enabled spider middlewares:
['scrapy.spidermiddlewares.httperror.HttpErrorMiddleware',
 'scrapy.spidermiddlewares.offsite.OffsiteMiddleware',
 'scrapy.spidermiddlewares.referer.RefererMiddleware',
 'scrapy.spidermiddlewares.urllength.UrlLengthMiddleware',
 'scrapy.spidermiddlewares.depth.DepthMiddleware']
2017-12-04 19:59:18 [scrapy.middleware] INFO: Enabled item pipelines:
[]
2017-12-04 19:59:18 [scrapy.core.engine] INFO: Spider opened
2017-12-04 19:59:18 [scrapy.extensions.logstats] INFO: Crawled 0 pages (at 0 pages/min), scraped 0 items (at 0 items/min)
2017-12-04 20:00:47 [scrapy.utils.log] INFO: Scrapy 1.4.0 started (bot: tweedehands)
2017-12-04 20:00:47 [scrapy.utils.log] INFO: Overridden settings: {'BOT_NAME': 'tweedehands', 'CONCURRENT_REQUESTS': 4, 'CONCURRENT_REQUESTS_PER_IP': 4, 'DOWNLOAD_DELAY': 1, 'FEED_URI': 'motoren.jsonlines', 'LOG_FILE': 'logfile.log', 'LOG_LEVEL': 'INFO', 'NEWSPIDER_MODULE': 'tweedehands.spiders', 'ROBOTSTXT_OBEY': True, 'SPIDER_MODULES': ['tweedehands.spiders']}
2017-12-04 20:00:47 [scrapy.middleware] INFO: Enabled extensions:
['scrapy.extensions.corestats.CoreStats',
 'scrapy.extensions.telnet.TelnetConsole',
 'scrapy.extensions.feedexport.FeedExporter',
 'scrapy.extensions.logstats.LogStats']
2017-12-04 20:00:47 [scrapy.middleware] INFO: Enabled downloader middlewares:
['scrapy.downloadermiddlewares.robotstxt.RobotsTxtMiddleware',
 'scrapy.downloadermiddlewares.httpauth.HttpAuthMiddleware',
 'scrapy.downloadermiddlewares.downloadtimeout.DownloadTimeoutMiddleware',
 'scrapy.downloadermiddlewares.defaultheaders.DefaultHeadersMiddleware',
 'scrapy.downloadermiddlewares.useragent.UserAgentMiddleware',
 'scrapy.downloadermiddlewares.retry.RetryMiddleware',
 'scrapy.downloadermiddlewares.redirect.MetaRefreshMiddleware',
 'scrapy.downloadermiddlewares.httpcompression.HttpCompressionMiddleware',
 'scrapy.downloadermiddlewares.redirect.RedirectMiddleware',
 'scrapy.downloadermiddlewares.cookies.CookiesMiddleware',
 'scrapy.downloadermiddlewares.httpproxy.HttpProxyMiddleware',
 'scrapy.downloadermiddlewares.stats.DownloaderStats']
2017-12-04 20:00:47 [scrapy.middleware] INFO: Enabled spider middlewares:
['scrapy.spidermiddlewares.httperror.HttpErrorMiddleware',
 'scrapy.spidermiddlewares.offsite.OffsiteMiddleware',
 'scrapy.spidermiddlewares.referer.RefererMiddleware',
 'scrapy.spidermiddlewares.urllength.UrlLengthMiddleware',
 'scrapy.spidermiddlewares.depth.DepthMiddleware']
2017-12-04 20:00:47 [scrapy.middleware] INFO: Enabled item pipelines:
[]
2017-12-04 20:00:47 [scrapy.core.engine] INFO: Spider opened
2017-12-04 20:00:47 [scrapy.extensions.logstats] INFO: Crawled 0 pages (at 0 pages/min), scraped 0 items (at 0 items/min)
2017-12-04 20:01:47 [scrapy.extensions.logstats] INFO: Crawled 51 pages (at 51 pages/min), scraped 23 items (at 23 items/min)
2017-12-04 20:02:47 [scrapy.extensions.logstats] INFO: Crawled 76 pages (at 25 pages/min), scraped 43 items (at 20 items/min)
2017-12-04 20:03:47 [scrapy.extensions.logstats] INFO: Crawled 124 pages (at 48 pages/min), scraped 75 items (at 32 items/min)
2017-12-04 20:04:47 [scrapy.extensions.logstats] INFO: Crawled 174 pages (at 50 pages/min), scraped 91 items (at 16 items/min)
2017-12-04 20:05:18 [scrapy.core.engine] INFO: Closing spider (finished)
2017-12-04 20:05:18 [scrapy.extensions.feedexport] INFO: Stored jsonlines feed (98 items) in: motoren.jsonlines
2017-12-04 20:05:18 [scrapy.statscollectors] INFO: Dumping Scrapy stats:
{'downloader/request_bytes': 195402,
 'downloader/request_count': 199,
 'downloader/request_method_count/GET': 199,
 'downloader/response_bytes': 6268701,
 'downloader/response_count': 199,
 'downloader/response_status_count/200': 199,
 'finish_reason': 'finished',
 'finish_time': datetime.datetime(2017, 12, 4, 19, 5, 18, 231875),
 'item_scraped_count': 98,
 'log_count/INFO': 12,
 'request_depth_max': 99,
 'response_received_count': 199,
 'scheduler/dequeued': 198,
 'scheduler/dequeued/memory': 198,
 'scheduler/enqueued': 198,
 'scheduler/enqueued/memory': 198,
 'start_time': datetime.datetime(2017, 12, 4, 19, 0, 47, 780863)}
2017-12-04 20:05:18 [scrapy.core.engine] INFO: Spider closed (finished)
2017-12-04 20:09:55 [scrapy.utils.log] INFO: Scrapy 1.4.0 started (bot: tweedehands)
2017-12-04 20:09:55 [scrapy.utils.log] INFO: Overridden settings: {'BOT_NAME': 'tweedehands', 'CONCURRENT_REQUESTS': 4, 'CONCURRENT_REQUESTS_PER_IP': 4, 'DOWNLOAD_DELAY': 1, 'FEED_URI': 'motoren.jsonlines', 'LOG_FILE': 'logfile.log', 'LOG_LEVEL': 'INFO', 'NEWSPIDER_MODULE': 'tweedehands.spiders', 'ROBOTSTXT_OBEY': True, 'SPIDER_MODULES': ['tweedehands.spiders']}
2017-12-04 20:09:55 [scrapy.middleware] INFO: Enabled extensions:
['scrapy.extensions.corestats.CoreStats',
 'scrapy.extensions.telnet.TelnetConsole',
 'scrapy.extensions.feedexport.FeedExporter',
 'scrapy.extensions.logstats.LogStats']
2017-12-04 20:09:55 [scrapy.middleware] INFO: Enabled downloader middlewares:
['scrapy.downloadermiddlewares.robotstxt.RobotsTxtMiddleware',
 'scrapy.downloadermiddlewares.httpauth.HttpAuthMiddleware',
 'scrapy.downloadermiddlewares.downloadtimeout.DownloadTimeoutMiddleware',
 'scrapy.downloadermiddlewares.defaultheaders.DefaultHeadersMiddleware',
 'scrapy.downloadermiddlewares.useragent.UserAgentMiddleware',
 'scrapy.downloadermiddlewares.retry.RetryMiddleware',
 'scrapy.downloadermiddlewares.redirect.MetaRefreshMiddleware',
 'scrapy.downloadermiddlewares.httpcompression.HttpCompressionMiddleware',
 'scrapy.downloadermiddlewares.redirect.RedirectMiddleware',
 'scrapy.downloadermiddlewares.cookies.CookiesMiddleware',
 'scrapy.downloadermiddlewares.httpproxy.HttpProxyMiddleware',
 'scrapy.downloadermiddlewares.stats.DownloaderStats']
2017-12-04 20:09:55 [scrapy.middleware] INFO: Enabled spider middlewares:
['scrapy.spidermiddlewares.httperror.HttpErrorMiddleware',
 'scrapy.spidermiddlewares.offsite.OffsiteMiddleware',
 'scrapy.spidermiddlewares.referer.RefererMiddleware',
 'scrapy.spidermiddlewares.urllength.UrlLengthMiddleware',
 'scrapy.spidermiddlewares.depth.DepthMiddleware']
2017-12-04 20:09:55 [scrapy.middleware] INFO: Enabled item pipelines:
[]
2017-12-04 20:09:55 [scrapy.core.engine] INFO: Spider opened
2017-12-04 20:09:55 [scrapy.extensions.logstats] INFO: Crawled 0 pages (at 0 pages/min), scraped 0 items (at 0 items/min)
2017-12-04 20:10:55 [scrapy.extensions.logstats] INFO: Crawled 49 pages (at 49 pages/min), scraped 19 items (at 19 items/min)
2017-12-04 20:11:55 [scrapy.extensions.logstats] INFO: Crawled 98 pages (at 49 pages/min), scraped 19 items (at 0 items/min)
2017-12-04 20:12:20 [scrapy.core.engine] INFO: Closing spider (finished)
2017-12-04 20:12:20 [scrapy.extensions.feedexport] INFO: Stored jsonlines feed (19 items) in: motoren.jsonlines
2017-12-04 20:12:20 [scrapy.statscollectors] INFO: Dumping Scrapy stats:
{'downloader/request_bytes': 116143,
 'downloader/request_count': 120,
 'downloader/request_method_count/GET': 120,
 'downloader/response_bytes': 4019101,
 'downloader/response_count': 120,
 'downloader/response_status_count/200': 120,
 'finish_reason': 'finished',
 'finish_time': datetime.datetime(2017, 12, 4, 19, 12, 20, 940401),
 'item_scraped_count': 19,
 'log_count/INFO': 10,
 'request_depth_max': 99,
 'response_received_count': 120,
 'scheduler/dequeued': 119,
 'scheduler/dequeued/memory': 119,
 'scheduler/enqueued': 119,
 'scheduler/enqueued/memory': 119,
 'start_time': datetime.datetime(2017, 12, 4, 19, 9, 55, 898976)}
2017-12-04 20:12:20 [scrapy.core.engine] INFO: Spider closed (finished)
2017-12-04 20:17:43 [scrapy.utils.log] INFO: Scrapy 1.4.0 started (bot: tweedehands)
2017-12-04 20:17:43 [scrapy.utils.log] INFO: Overridden settings: {'BOT_NAME': 'tweedehands', 'CONCURRENT_REQUESTS': 4, 'CONCURRENT_REQUESTS_PER_IP': 4, 'DOWNLOAD_DELAY': 1, 'FEED_URI': 'motoren.jsonlines', 'LOG_FILE': 'logfile.log', 'LOG_LEVEL': 'INFO', 'NEWSPIDER_MODULE': 'tweedehands.spiders', 'ROBOTSTXT_OBEY': True, 'SPIDER_MODULES': ['tweedehands.spiders']}
2017-12-04 20:17:43 [scrapy.middleware] INFO: Enabled extensions:
['scrapy.extensions.corestats.CoreStats',
 'scrapy.extensions.telnet.TelnetConsole',
 'scrapy.extensions.feedexport.FeedExporter',
 'scrapy.extensions.logstats.LogStats']
2017-12-04 20:17:43 [scrapy.middleware] INFO: Enabled downloader middlewares:
['scrapy.downloadermiddlewares.robotstxt.RobotsTxtMiddleware',
 'scrapy.downloadermiddlewares.httpauth.HttpAuthMiddleware',
 'scrapy.downloadermiddlewares.downloadtimeout.DownloadTimeoutMiddleware',
 'scrapy.downloadermiddlewares.defaultheaders.DefaultHeadersMiddleware',
 'scrapy.downloadermiddlewares.useragent.UserAgentMiddleware',
 'scrapy.downloadermiddlewares.retry.RetryMiddleware',
 'scrapy.downloadermiddlewares.redirect.MetaRefreshMiddleware',
 'scrapy.downloadermiddlewares.httpcompression.HttpCompressionMiddleware',
 'scrapy.downloadermiddlewares.redirect.RedirectMiddleware',
 'scrapy.downloadermiddlewares.cookies.CookiesMiddleware',
 'scrapy.downloadermiddlewares.httpproxy.HttpProxyMiddleware',
 'scrapy.downloadermiddlewares.stats.DownloaderStats']
2017-12-04 20:17:43 [scrapy.middleware] INFO: Enabled spider middlewares:
['scrapy.spidermiddlewares.httperror.HttpErrorMiddleware',
 'scrapy.spidermiddlewares.offsite.OffsiteMiddleware',
 'scrapy.spidermiddlewares.referer.RefererMiddleware',
 'scrapy.spidermiddlewares.urllength.UrlLengthMiddleware',
 'scrapy.spidermiddlewares.depth.DepthMiddleware']
2017-12-04 20:17:43 [scrapy.middleware] INFO: Enabled item pipelines:
[]
2017-12-04 20:17:43 [scrapy.core.engine] INFO: Spider opened
2017-12-04 20:17:43 [scrapy.extensions.logstats] INFO: Crawled 0 pages (at 0 pages/min), scraped 0 items (at 0 items/min)
2017-12-04 20:18:43 [scrapy.extensions.logstats] INFO: Crawled 50 pages (at 50 pages/min), scraped 8 items (at 8 items/min)
2017-12-04 20:19:43 [scrapy.extensions.logstats] INFO: Crawled 99 pages (at 49 pages/min), scraped 8 items (at 0 items/min)
2017-12-04 20:20:43 [scrapy.extensions.logstats] INFO: Crawled 147 pages (at 48 pages/min), scraped 21 items (at 13 items/min)
2017-12-04 20:21:43 [scrapy.extensions.logstats] INFO: Crawled 196 pages (at 49 pages/min), scraped 60 items (at 39 items/min)
2017-12-04 20:22:43 [scrapy.extensions.logstats] INFO: Crawled 245 pages (at 49 pages/min), scraped 100 items (at 40 items/min)
2017-12-04 20:23:43 [scrapy.extensions.logstats] INFO: Crawled 295 pages (at 50 pages/min), scraped 140 items (at 40 items/min)
2017-12-04 20:24:43 [scrapy.extensions.logstats] INFO: Crawled 341 pages (at 46 pages/min), scraped 176 items (at 36 items/min)
2017-12-04 20:25:43 [scrapy.extensions.logstats] INFO: Crawled 390 pages (at 49 pages/min), scraped 215 items (at 39 items/min)
2017-12-04 20:26:43 [scrapy.extensions.logstats] INFO: Crawled 439 pages (at 49 pages/min), scraped 255 items (at 40 items/min)
2017-12-04 20:27:43 [scrapy.extensions.logstats] INFO: Crawled 488 pages (at 49 pages/min), scraped 294 items (at 39 items/min)
2017-12-04 20:28:43 [scrapy.extensions.logstats] INFO: Crawled 537 pages (at 49 pages/min), scraped 333 items (at 39 items/min)
2017-12-04 20:29:43 [scrapy.extensions.logstats] INFO: Crawled 585 pages (at 48 pages/min), scraped 372 items (at 39 items/min)
2017-12-04 20:30:43 [scrapy.extensions.logstats] INFO: Crawled 633 pages (at 48 pages/min), scraped 410 items (at 38 items/min)
2017-12-04 20:31:43 [scrapy.extensions.logstats] INFO: Crawled 681 pages (at 48 pages/min), scraped 449 items (at 39 items/min)
2017-12-04 20:35:25 [scrapy.utils.log] INFO: Scrapy 1.4.0 started (bot: tweedehands)
2017-12-04 20:35:25 [scrapy.utils.log] INFO: Overridden settings: {'BOT_NAME': 'tweedehands', 'CONCURRENT_REQUESTS': 4, 'CONCURRENT_REQUESTS_PER_IP': 4, 'DOWNLOAD_DELAY': 0.5, 'FEED_URI': 'motoren.jsonlines', 'LOG_FILE': 'logfile.log', 'LOG_LEVEL': 'INFO', 'NEWSPIDER_MODULE': 'tweedehands.spiders', 'ROBOTSTXT_OBEY': True, 'SPIDER_MODULES': ['tweedehands.spiders']}
2017-12-04 20:35:25 [scrapy.middleware] INFO: Enabled extensions:
['scrapy.extensions.corestats.CoreStats',
 'scrapy.extensions.telnet.TelnetConsole',
 'scrapy.extensions.feedexport.FeedExporter',
 'scrapy.extensions.logstats.LogStats']
2017-12-04 20:35:25 [scrapy.middleware] INFO: Enabled downloader middlewares:
['scrapy.downloadermiddlewares.robotstxt.RobotsTxtMiddleware',
 'scrapy.downloadermiddlewares.httpauth.HttpAuthMiddleware',
 'scrapy.downloadermiddlewares.downloadtimeout.DownloadTimeoutMiddleware',
 'scrapy.downloadermiddlewares.defaultheaders.DefaultHeadersMiddleware',
 'scrapy.downloadermiddlewares.useragent.UserAgentMiddleware',
 'scrapy.downloadermiddlewares.retry.RetryMiddleware',
 'scrapy.downloadermiddlewares.redirect.MetaRefreshMiddleware',
 'scrapy.downloadermiddlewares.httpcompression.HttpCompressionMiddleware',
 'scrapy.downloadermiddlewares.redirect.RedirectMiddleware',
 'scrapy.downloadermiddlewares.cookies.CookiesMiddleware',
 'scrapy.downloadermiddlewares.httpproxy.HttpProxyMiddleware',
 'scrapy.downloadermiddlewares.stats.DownloaderStats']
2017-12-04 20:35:25 [scrapy.middleware] INFO: Enabled spider middlewares:
['scrapy.spidermiddlewares.httperror.HttpErrorMiddleware',
 'scrapy.spidermiddlewares.offsite.OffsiteMiddleware',
 'scrapy.spidermiddlewares.referer.RefererMiddleware',
 'scrapy.spidermiddlewares.urllength.UrlLengthMiddleware',
 'scrapy.spidermiddlewares.depth.DepthMiddleware']
2017-12-04 20:35:25 [scrapy.middleware] INFO: Enabled item pipelines:
[]
2017-12-04 20:35:25 [scrapy.core.engine] INFO: Spider opened
2017-12-04 20:35:25 [scrapy.extensions.logstats] INFO: Crawled 0 pages (at 0 pages/min), scraped 0 items (at 0 items/min)
2017-12-04 20:36:28 [scrapy.utils.log] INFO: Scrapy 1.4.0 started (bot: tweedehands)
2017-12-04 20:36:28 [scrapy.utils.log] INFO: Overridden settings: {'BOT_NAME': 'tweedehands', 'DOWNLOAD_DELAY': 0.36, 'FEED_FORMAT': 'json', 'FEED_URI': 'motoren.json', 'LOG_FILE': 'logfile.log', 'LOG_LEVEL': 'INFO', 'NEWSPIDER_MODULE': 'tweedehands.spiders', 'ROBOTSTXT_OBEY': True, 'SPIDER_MODULES': ['tweedehands.spiders']}
2017-12-04 20:36:28 [scrapy.middleware] INFO: Enabled extensions:
['scrapy.extensions.corestats.CoreStats',
 'scrapy.extensions.telnet.TelnetConsole',
 'scrapy.extensions.feedexport.FeedExporter',
 'scrapy.extensions.logstats.LogStats']
2017-12-04 20:36:28 [scrapy.middleware] INFO: Enabled downloader middlewares:
['scrapy.downloadermiddlewares.robotstxt.RobotsTxtMiddleware',
 'scrapy.downloadermiddlewares.httpauth.HttpAuthMiddleware',
 'scrapy.downloadermiddlewares.downloadtimeout.DownloadTimeoutMiddleware',
 'scrapy.downloadermiddlewares.defaultheaders.DefaultHeadersMiddleware',
 'scrapy.downloadermiddlewares.useragent.UserAgentMiddleware',
 'scrapy.downloadermiddlewares.retry.RetryMiddleware',
 'scrapy.downloadermiddlewares.redirect.MetaRefreshMiddleware',
 'scrapy.downloadermiddlewares.httpcompression.HttpCompressionMiddleware',
 'scrapy.downloadermiddlewares.redirect.RedirectMiddleware',
 'scrapy.downloadermiddlewares.cookies.CookiesMiddleware',
 'scrapy.downloadermiddlewares.httpproxy.HttpProxyMiddleware',
 'scrapy.downloadermiddlewares.stats.DownloaderStats']
2017-12-04 20:36:28 [scrapy.middleware] INFO: Enabled spider middlewares:
['scrapy.spidermiddlewares.httperror.HttpErrorMiddleware',
 'scrapy.spidermiddlewares.offsite.OffsiteMiddleware',
 'scrapy.spidermiddlewares.referer.RefererMiddleware',
 'scrapy.spidermiddlewares.urllength.UrlLengthMiddleware',
 'scrapy.spidermiddlewares.depth.DepthMiddleware']
2017-12-04 20:36:28 [scrapy.middleware] INFO: Enabled item pipelines:
[]
2017-12-04 20:36:28 [scrapy.core.engine] INFO: Spider opened
2017-12-04 20:36:28 [scrapy.extensions.logstats] INFO: Crawled 0 pages (at 0 pages/min), scraped 0 items (at 0 items/min)
2017-12-04 20:37:28 [scrapy.extensions.logstats] INFO: Crawled 88 pages (at 88 pages/min), scraped 0 items (at 0 items/min)
2017-12-04 20:38:28 [scrapy.extensions.logstats] INFO: Crawled 182 pages (at 94 pages/min), scraped 6 items (at 6 items/min)
2017-12-04 20:39:28 [scrapy.extensions.logstats] INFO: Crawled 304 pages (at 122 pages/min), scraped 58 items (at 52 items/min)
2017-12-04 20:40:28 [scrapy.extensions.logstats] INFO: Crawled 426 pages (at 122 pages/min), scraped 174 items (at 116 items/min)
2017-12-04 20:41:28 [scrapy.extensions.logstats] INFO: Crawled 545 pages (at 119 pages/min), scraped 293 items (at 119 items/min)
2017-12-04 20:59:24 [scrapy.utils.log] INFO: Scrapy 1.4.0 started (bot: tweedehands)
2017-12-04 20:59:24 [scrapy.utils.log] INFO: Overridden settings: {'BOT_NAME': 'tweedehands', 'CONCURRENT_REQUESTS': 4, 'CONCURRENT_REQUESTS_PER_IP': 4, 'DOWNLOAD_DELAY': 0.75, 'FEED_URI': 'motoren.jsonlines', 'LOG_FILE': 'logfile.log', 'LOG_LEVEL': 'INFO', 'NEWSPIDER_MODULE': 'tweedehands.spiders', 'ROBOTSTXT_OBEY': True, 'SPIDER_MODULES': ['tweedehands.spiders']}
2017-12-04 20:59:24 [scrapy.middleware] INFO: Enabled extensions:
['scrapy.extensions.corestats.CoreStats',
 'scrapy.extensions.telnet.TelnetConsole',
 'scrapy.extensions.feedexport.FeedExporter',
 'scrapy.extensions.logstats.LogStats']
2017-12-04 20:59:24 [scrapy.middleware] INFO: Enabled downloader middlewares:
['scrapy.downloadermiddlewares.robotstxt.RobotsTxtMiddleware',
 'scrapy.downloadermiddlewares.httpauth.HttpAuthMiddleware',
 'scrapy.downloadermiddlewares.downloadtimeout.DownloadTimeoutMiddleware',
 'scrapy.downloadermiddlewares.defaultheaders.DefaultHeadersMiddleware',
 'scrapy.downloadermiddlewares.useragent.UserAgentMiddleware',
 'scrapy.downloadermiddlewares.retry.RetryMiddleware',
 'scrapy.downloadermiddlewares.redirect.MetaRefreshMiddleware',
 'scrapy.downloadermiddlewares.httpcompression.HttpCompressionMiddleware',
 'scrapy.downloadermiddlewares.redirect.RedirectMiddleware',
 'scrapy.downloadermiddlewares.cookies.CookiesMiddleware',
 'scrapy.downloadermiddlewares.httpproxy.HttpProxyMiddleware',
 'scrapy.downloadermiddlewares.stats.DownloaderStats']
2017-12-04 20:59:24 [scrapy.middleware] INFO: Enabled spider middlewares:
['scrapy.spidermiddlewares.httperror.HttpErrorMiddleware',
 'scrapy.spidermiddlewares.offsite.OffsiteMiddleware',
 'scrapy.spidermiddlewares.referer.RefererMiddleware',
 'scrapy.spidermiddlewares.urllength.UrlLengthMiddleware',
 'scrapy.spidermiddlewares.depth.DepthMiddleware']
2017-12-04 20:59:24 [scrapy.middleware] INFO: Enabled item pipelines:
[]
2017-12-04 20:59:24 [scrapy.core.engine] INFO: Spider opened
2017-12-04 20:59:24 [scrapy.extensions.logstats] INFO: Crawled 0 pages (at 0 pages/min), scraped 0 items (at 0 items/min)
2017-12-04 21:00:24 [scrapy.extensions.logstats] INFO: Crawled 63 pages (at 63 pages/min), scraped 23 items (at 23 items/min)
2017-12-04 21:01:24 [scrapy.extensions.logstats] INFO: Crawled 124 pages (at 61 pages/min), scraped 23 items (at 0 items/min)
2017-12-04 21:02:24 [scrapy.extensions.logstats] INFO: Crawled 187 pages (at 63 pages/min), scraped 24 items (at 1 items/min)
2017-12-04 21:03:24 [scrapy.extensions.logstats] INFO: Crawled 252 pages (at 65 pages/min), scraped 52 items (at 28 items/min)
2017-12-04 21:04:24 [scrapy.extensions.logstats] INFO: Crawled 316 pages (at 64 pages/min), scraped 67 items (at 15 items/min)
2017-12-04 21:05:24 [scrapy.extensions.logstats] INFO: Crawled 380 pages (at 64 pages/min), scraped 116 items (at 49 items/min)
2017-12-04 21:06:24 [scrapy.extensions.logstats] INFO: Crawled 444 pages (at 64 pages/min), scraped 168 items (at 52 items/min)
2017-12-04 21:07:24 [scrapy.extensions.logstats] INFO: Crawled 511 pages (at 67 pages/min), scraped 221 items (at 53 items/min)
2017-12-04 21:08:24 [scrapy.extensions.logstats] INFO: Crawled 577 pages (at 66 pages/min), scraped 274 items (at 53 items/min)
2017-12-04 21:09:24 [scrapy.extensions.logstats] INFO: Crawled 642 pages (at 65 pages/min), scraped 326 items (at 52 items/min)
2017-12-04 21:10:24 [scrapy.extensions.logstats] INFO: Crawled 706 pages (at 64 pages/min), scraped 378 items (at 52 items/min)
2017-12-04 21:11:24 [scrapy.extensions.logstats] INFO: Crawled 770 pages (at 64 pages/min), scraped 429 items (at 51 items/min)
2017-12-04 21:12:24 [scrapy.extensions.logstats] INFO: Crawled 833 pages (at 63 pages/min), scraped 479 items (at 50 items/min)
2017-12-04 21:13:24 [scrapy.extensions.logstats] INFO: Crawled 895 pages (at 62 pages/min), scraped 529 items (at 50 items/min)
2017-12-04 21:14:24 [scrapy.extensions.logstats] INFO: Crawled 960 pages (at 65 pages/min), scraped 581 items (at 52 items/min)
2017-12-04 21:15:24 [scrapy.extensions.logstats] INFO: Crawled 1024 pages (at 64 pages/min), scraped 633 items (at 52 items/min)
2017-12-04 21:16:24 [scrapy.extensions.logstats] INFO: Crawled 1090 pages (at 66 pages/min), scraped 686 items (at 53 items/min)
2017-12-04 21:17:24 [scrapy.extensions.logstats] INFO: Crawled 1154 pages (at 64 pages/min), scraped 737 items (at 51 items/min)
2017-12-04 21:18:24 [scrapy.extensions.logstats] INFO: Crawled 1220 pages (at 66 pages/min), scraped 790 items (at 53 items/min)
2017-12-04 21:19:27 [scrapy.extensions.logstats] INFO: Crawled 1257 pages (at 37 pages/min), scraped 819 items (at 29 items/min)
2017-12-06 11:36:53 [scrapy.utils.log] INFO: Scrapy 1.4.0 started (bot: tweedehands)
2017-12-06 11:36:53 [scrapy.utils.log] INFO: Overridden settings: {'BOT_NAME': 'tweedehands', 'CONCURRENT_REQUESTS': 4, 'CONCURRENT_REQUESTS_PER_IP': 4, 'DOWNLOAD_DELAY': 0.75, 'DUPEFILTER_CLASS': 'scrapy.dupefilters.BaseDupeFilter', 'LOGSTATS_INTERVAL': 0, 'LOG_FILE': 'logfile.log', 'LOG_LEVEL': 'INFO', 'NEWSPIDER_MODULE': 'tweedehands.spiders', 'ROBOTSTXT_OBEY': True, 'SPIDER_MODULES': ['tweedehands.spiders']}
2017-12-06 11:36:54 [scrapy.middleware] INFO: Enabled extensions:
['scrapy.extensions.corestats.CoreStats',
 'scrapy.extensions.telnet.TelnetConsole']
2017-12-06 11:36:54 [scrapy.middleware] INFO: Enabled downloader middlewares:
['scrapy.downloadermiddlewares.robotstxt.RobotsTxtMiddleware',
 'scrapy.downloadermiddlewares.httpauth.HttpAuthMiddleware',
 'scrapy.downloadermiddlewares.downloadtimeout.DownloadTimeoutMiddleware',
 'scrapy.downloadermiddlewares.defaultheaders.DefaultHeadersMiddleware',
 'scrapy.downloadermiddlewares.useragent.UserAgentMiddleware',
 'scrapy.downloadermiddlewares.retry.RetryMiddleware',
 'scrapy.downloadermiddlewares.redirect.MetaRefreshMiddleware',
 'scrapy.downloadermiddlewares.httpcompression.HttpCompressionMiddleware',
 'scrapy.downloadermiddlewares.redirect.RedirectMiddleware',
 'scrapy.downloadermiddlewares.cookies.CookiesMiddleware',
 'scrapy.downloadermiddlewares.httpproxy.HttpProxyMiddleware',
 'scrapy.downloadermiddlewares.stats.DownloaderStats']
2017-12-06 11:36:54 [scrapy.middleware] INFO: Enabled spider middlewares:
['scrapy.spidermiddlewares.httperror.HttpErrorMiddleware',
 'scrapy.spidermiddlewares.offsite.OffsiteMiddleware',
 'scrapy.spidermiddlewares.referer.RefererMiddleware',
 'scrapy.spidermiddlewares.urllength.UrlLengthMiddleware',
 'scrapy.spidermiddlewares.depth.DepthMiddleware']
2017-12-06 11:36:54 [scrapy.middleware] INFO: Enabled item pipelines:
[]
2017-12-06 11:36:54 [scrapy.core.engine] INFO: Spider opened
2017-12-06 11:55:01 [scrapy.utils.log] INFO: Scrapy 1.4.0 started (bot: tweedehands)
2017-12-06 11:55:01 [scrapy.utils.log] INFO: Overridden settings: {'BOT_NAME': 'tweedehands', 'CONCURRENT_REQUESTS': 4, 'CONCURRENT_REQUESTS_PER_IP': 4, 'DOWNLOAD_DELAY': 0.75, 'DUPEFILTER_CLASS': 'scrapy.dupefilters.BaseDupeFilter', 'LOGSTATS_INTERVAL': 0, 'LOG_FILE': 'logfile.log', 'LOG_LEVEL': 'INFO', 'NEWSPIDER_MODULE': 'tweedehands.spiders', 'ROBOTSTXT_OBEY': True, 'SPIDER_MODULES': ['tweedehands.spiders']}
2017-12-06 11:55:01 [scrapy.middleware] INFO: Enabled extensions:
['scrapy.extensions.corestats.CoreStats',
 'scrapy.extensions.telnet.TelnetConsole']
2017-12-06 11:55:02 [scrapy.middleware] INFO: Enabled downloader middlewares:
['scrapy.downloadermiddlewares.robotstxt.RobotsTxtMiddleware',
 'scrapy.downloadermiddlewares.httpauth.HttpAuthMiddleware',
 'scrapy.downloadermiddlewares.downloadtimeout.DownloadTimeoutMiddleware',
 'scrapy.downloadermiddlewares.defaultheaders.DefaultHeadersMiddleware',
 'scrapy.downloadermiddlewares.useragent.UserAgentMiddleware',
 'scrapy.downloadermiddlewares.retry.RetryMiddleware',
 'scrapy.downloadermiddlewares.redirect.MetaRefreshMiddleware',
 'scrapy.downloadermiddlewares.httpcompression.HttpCompressionMiddleware',
 'scrapy.downloadermiddlewares.redirect.RedirectMiddleware',
 'scrapy.downloadermiddlewares.cookies.CookiesMiddleware',
 'scrapy.downloadermiddlewares.httpproxy.HttpProxyMiddleware',
 'scrapy.downloadermiddlewares.stats.DownloaderStats']
2017-12-06 11:55:02 [scrapy.middleware] INFO: Enabled spider middlewares:
['scrapy.spidermiddlewares.httperror.HttpErrorMiddleware',
 'scrapy.spidermiddlewares.offsite.OffsiteMiddleware',
 'scrapy.spidermiddlewares.referer.RefererMiddleware',
 'scrapy.spidermiddlewares.urllength.UrlLengthMiddleware',
 'scrapy.spidermiddlewares.depth.DepthMiddleware']
2017-12-06 11:55:02 [scrapy.middleware] INFO: Enabled item pipelines:
[]
2017-12-06 11:55:02 [scrapy.core.engine] INFO: Spider opened
2017-12-06 12:06:32 [scrapy.utils.log] INFO: Scrapy 1.4.0 started (bot: tweedehands)
2017-12-06 12:06:32 [scrapy.utils.log] INFO: Overridden settings: {'BOT_NAME': 'tweedehands', 'CONCURRENT_REQUESTS': 4, 'CONCURRENT_REQUESTS_PER_IP': 4, 'DOWNLOAD_DELAY': 0.75, 'DUPEFILTER_CLASS': 'scrapy.dupefilters.BaseDupeFilter', 'LOGSTATS_INTERVAL': 0, 'LOG_FILE': 'logfile.log', 'LOG_LEVEL': 'INFO', 'NEWSPIDER_MODULE': 'tweedehands.spiders', 'ROBOTSTXT_OBEY': True, 'SPIDER_MODULES': ['tweedehands.spiders']}
2017-12-06 12:06:32 [scrapy.middleware] INFO: Enabled extensions:
['scrapy.extensions.corestats.CoreStats',
 'scrapy.extensions.telnet.TelnetConsole']
2017-12-06 12:06:32 [scrapy.middleware] INFO: Enabled downloader middlewares:
['scrapy.downloadermiddlewares.robotstxt.RobotsTxtMiddleware',
 'scrapy.downloadermiddlewares.httpauth.HttpAuthMiddleware',
 'scrapy.downloadermiddlewares.downloadtimeout.DownloadTimeoutMiddleware',
 'scrapy.downloadermiddlewares.defaultheaders.DefaultHeadersMiddleware',
 'scrapy.downloadermiddlewares.useragent.UserAgentMiddleware',
 'scrapy.downloadermiddlewares.retry.RetryMiddleware',
 'scrapy.downloadermiddlewares.redirect.MetaRefreshMiddleware',
 'scrapy.downloadermiddlewares.httpcompression.HttpCompressionMiddleware',
 'scrapy.downloadermiddlewares.redirect.RedirectMiddleware',
 'scrapy.downloadermiddlewares.cookies.CookiesMiddleware',
 'scrapy.downloadermiddlewares.httpproxy.HttpProxyMiddleware',
 'scrapy.downloadermiddlewares.stats.DownloaderStats']
2017-12-06 12:06:32 [scrapy.middleware] INFO: Enabled spider middlewares:
['scrapy.spidermiddlewares.httperror.HttpErrorMiddleware',
 'scrapy.spidermiddlewares.offsite.OffsiteMiddleware',
 'scrapy.spidermiddlewares.referer.RefererMiddleware',
 'scrapy.spidermiddlewares.urllength.UrlLengthMiddleware',
 'scrapy.spidermiddlewares.depth.DepthMiddleware']
2017-12-06 12:06:32 [scrapy.middleware] INFO: Enabled item pipelines:
[]
2017-12-06 12:06:32 [scrapy.core.engine] INFO: Spider opened
